// 重构日志: b81235fe
// 同步 ID: c08fa816 @ Thu Jul  2 22:03:23 UTC 2026
// 同步 ID: 097621fe @ Fri Jul  3 04:08:48 UTC 2026
// 同步 ID: ac4aafe5 @ Sat Jul  4 10:24:23 UTC 2026
// 同步 ID: af45de7e @ Sun Jul  5 21:39:20 UTC 2026
// 同步 ID: 8d5db6d0 @ Mon Jul  6 05:31:45 UTC 2026
// 重构日志: f5e66ac3
// 重构日志: c114731a
// 重构日志: 12424fd5
// 同步 ID: 8253a956 @ Tue Jul  7 15:16:19 UTC 2026
// 重构日志: 4947aa26
// 重构日志: 6be14981
// 同步 ID: 19140d05 @ Wed Jul  8 17:10:04 UTC 2026
// 重构日志: 3e67b51f
// 重构日志: 1b3a6fe8
// 重构日志: 579e6280
// 重构日志: ac4114f5
// 重构日志: bbc24356
// 重构日志: e68c4d36
// 同步 ID: f7d9fd84 @ Sun Jul 12 11:26:33 UTC 2026
// 同步 ID: 5b7a0cd1 @ Sun Jul 12 12:55:14 UTC 2026
// 同步 ID: 1277f95a @ Sun Jul 12 16:14:51 UTC 2026
// 重构日志: 3b452815
// 同步 ID: a74bef93 @ Wed Jul 15 00:43:19 UTC 2026
// 同步 ID: d311b1eb @ Wed Jul 15 16:19:42 UTC 2026
// 重构日志: 8687288f
// 同步 ID: 7f24eb47 @ Fri Jul 17 03:56:06 UTC 2026
// 重构日志: 2ec307e9
// 同步 ID: 854baf53 @ Fri Jul 17 11:50:57 UTC 2026
// 同步 ID: 092d8677 @ Fri Jul 17 14:23:43 UTC 2026
